<?xml version="1.0" encoding="UTF-8"?>
<testsuite xmlns:xsi="http://www.w3.org/2001/XMLSchema-instance" xsi:noNamespaceSchemaLocation="https://maven.apache.org/surefire/maven-surefire-plugin/xsd/surefire-test-report-3.0.xsd" version="3.0" name="fizzBuzz.FizzBuzzTest" time="0.065" tests="4" errors="0" skipped="0" failures="0">
  <properties>
[...]
</properties>
  <testcase name="buzzTest" classname="fizzBuzz.FizzBuzzTest" time="0.036"/>
  <testcase name="fizzTest" classname="fizzBuzz.FizzBuzzTest" time="0"/>
  <testcase name="fizzBuzzTest" classname="fizzBuzz.FizzBuzzTest" time="0"/>
  <testcase name="notFizzNorBuzzTest" classname="fizzBuzz.FizzBuzzTest" time="0.001"/>
</testsuite>